[1.288s] Invoking command in '/home/vik/navigation2_tutorials/nav2_gps_waypoint_follower_demo/build/nav2_gps_waypoint_follower_demo': DEBUGINFOD_URLS=https://debuginfod.ubuntu.com PYTHONPATH=/home/vik/navigation2_tutorials/nav2_gps_waypoint_follower_demo/build/nav2_gps_waypoint_follower_demo/prefix_override:/usr/lib/python3/dist-packages/colcon_core/task/python/colcon_distutils_commands:/home/vik/navigation2_tutorials/nav2_gps_waypoint_follower_demo/install/nav2_gps_waypoint_follower_demo/lib/python3.12/site-packages:${PYTHONPATH} /usr/bin/python3 -W ignore:setup.py install is deprecated setup.py develop --editable --build-directory /home/vik/navigation2_tutorials/nav2_gps_waypoint_follower_demo/build/nav2_gps_waypoint_follower_demo/build --no-deps symlink_data
[1.716s] running develop
[1.719s] /usr/lib/python3/dist-packages/setuptools/command/develop.py:40: EasyInstallDeprecationWarning: easy_install command is deprecated.
[1.719s] !!
[1.720s] 
[1.720s]         ********************************************************************************
[1.720s]         Please avoid running ``setup.py`` and ``easy_install``.
[1.720s]         Instead, use pypa/build, pypa/installer or other
[1.720s]         standards-based tools.
[1.720s] 
[1.720s]         See https://github.com/pypa/setuptools/issues/917 for details.
[1.720s]         ********************************************************************************
[1.721s] 
[1.721s] !!
[1.721s]   easy_install.initialize_options(self)
[2.009s] running egg_info
[2.036s] writing nav2_gps_waypoint_follower_demo.egg-info/PKG-INFO
[2.036s] writing dependency_links to nav2_gps_waypoint_follower_demo.egg-info/dependency_links.txt
[2.037s] writing entry points to nav2_gps_waypoint_follower_demo.egg-info/entry_points.txt
[2.037s] writing requirements to nav2_gps_waypoint_follower_demo.egg-info/requires.txt
[2.037s] writing top-level names to nav2_gps_waypoint_follower_demo.egg-info/top_level.txt
[2.093s] reading manifest file 'nav2_gps_waypoint_follower_demo.egg-info/SOURCES.txt'
[2.094s] writing manifest file 'nav2_gps_waypoint_follower_demo.egg-info/SOURCES.txt'
[2.123s] running build_ext
[2.123s] Creating /home/vik/navigation2_tutorials/nav2_gps_waypoint_follower_demo/install/nav2_gps_waypoint_follower_demo/lib/python3.12/site-packages/nav2-gps-waypoint-follower-demo.egg-link (link to .)
[2.124s] Installing gps_waypoint_logger script to /home/vik/navigation2_tutorials/nav2_gps_waypoint_follower_demo/install/nav2_gps_waypoint_follower_demo/lib/nav2_gps_waypoint_follower_demo
[2.125s] Installing interactive_waypoint_follower script to /home/vik/navigation2_tutorials/nav2_gps_waypoint_follower_demo/install/nav2_gps_waypoint_follower_demo/lib/nav2_gps_waypoint_follower_demo
[2.125s] Installing logged_waypoint_follower script to /home/vik/navigation2_tutorials/nav2_gps_waypoint_follower_demo/install/nav2_gps_waypoint_follower_demo/lib/nav2_gps_waypoint_follower_demo
[2.125s] 
[2.125s] Installed /home/vik/navigation2_tutorials/nav2_gps_waypoint_follower_demo/build/nav2_gps_waypoint_follower_demo
[2.125s] running symlink_data
[2.176s] Invoked command in '/home/vik/navigation2_tutorials/nav2_gps_waypoint_follower_demo/build/nav2_gps_waypoint_follower_demo' returned '0': DEBUGINFOD_URLS=https://debuginfod.ubuntu.com PYTHONPATH=/home/vik/navigation2_tutorials/nav2_gps_waypoint_follower_demo/build/nav2_gps_waypoint_follower_demo/prefix_override:/usr/lib/python3/dist-packages/colcon_core/task/python/colcon_distutils_commands:/home/vik/navigation2_tutorials/nav2_gps_waypoint_follower_demo/install/nav2_gps_waypoint_follower_demo/lib/python3.12/site-packages:${PYTHONPATH} /usr/bin/python3 -W ignore:setup.py install is deprecated setup.py develop --editable --build-directory /home/vik/navigation2_tutorials/nav2_gps_waypoint_follower_demo/build/nav2_gps_waypoint_follower_demo/build --no-deps symlink_data
