[0.428s] DEBUG:colcon:Command line arguments: ['/usr/bin/colcon', 'build', '--symlink-install']
[0.428s] DEBUG:colcon:Parsed command line arguments: Namespace(log_base=None, log_level=None, verb_name='build', build_base='build', install_base='install', merge_install=False, symlink_install=True, test_result_base=None, continue_on_error=False, executor='parallel', parallel_workers=8, event_handlers=None, ignore_user_meta=False, metas=['./colcon.meta'], base_paths=['.'], packages_ignore=None, packages_ignore_regex=None, paths=None, packages_up_to=None, packages_up_to_regex=None, packages_above=None, packages_above_and_dependencies=None, packages_above_depth=None, packages_select_by_dep=None, packages_skip_by_dep=None, packages_skip_up_to=None, packages_select_build_failed=False, packages_skip_build_finished=False, packages_select_test_failures=False, packages_skip_test_passed=False, packages_select=None, packages_skip=None, packages_select_regex=None, packages_skip_regex=None, packages_start=None, packages_end=None, allow_overriding=[], cmake_args=None, cmake_target=None, cmake_target_skip_unavailable=False, cmake_clean_cache=False, cmake_clean_first=False, cmake_force_configure=False, ament_cmake_args=None, catkin_cmake_args=None, catkin_skip_building_tests=False, mixin_files=None, mixin=None, verb_parser=<colcon_mixin.mixin.mixin_argument.MixinArgumentDecorator object at 0x7104a0fa70b0>, verb_extension=<colcon_core.verb.build.BuildVerb object at 0x7104a0fa6d80>, main=<bound method BuildVerb.main of <colcon_core.verb.build.BuildVerb object at 0x7104a0fa6d80>>, mixin_verb=('build',))
[0.505s] Level 1:colcon.colcon_core.package_discovery:discover_packages(colcon_meta) check parameters
[0.505s] Level 1:colcon.colcon_core.package_discovery:discover_packages(recursive) check parameters
[0.505s] Level 1:colcon.colcon_core.package_discovery:discover_packages(ignore) check parameters
[0.505s] Level 1:colcon.colcon_core.package_discovery:discover_packages(path) check parameters
[0.505s] Level 1:colcon.colcon_core.package_discovery:discover_packages(colcon_meta) discover
[0.505s] Level 1:colcon.colcon_core.package_discovery:discover_packages(recursive) discover
[0.505s] INFO:colcon.colcon_core.package_discovery:Crawling recursively for packages in '/home/vik/navigation2_tutorials/nav2_gps_waypoint_follower_demo'
[0.505s] Level 1:colcon.colcon_core.package_identification:_identify(.) by extensions ['ignore', 'ignore_ament_install']
[0.505s] Level 1:colcon.colcon_core.package_identification:_identify(.) by extension 'ignore'
[0.505s] Level 1:colcon.colcon_core.package_identification:_identify(.) by extension 'ignore_ament_install'
[0.505s] Level 1:colcon.colcon_core.package_identification:_identify(.) by extensions ['colcon_pkg']
[0.506s] Level 1:colcon.colcon_core.package_identification:_identify(.) by extension 'colcon_pkg'
[0.506s] Level 1:colcon.colcon_core.package_identification:_identify(.) by extensions ['colcon_meta']
[0.506s] Level 1:colcon.colcon_core.package_identification:_identify(.) by extension 'colcon_meta'
[0.506s] Level 1:colcon.colcon_core.package_identification:_identify(.) by extensions ['ros']
[0.506s] Level 1:colcon.colcon_core.package_identification:_identify(.) by extension 'ros'
[0.537s] DEBUG:colcon.colcon_core.package_identification:Package '.' with type 'ros.ament_python' and name 'nav2_gps_waypoint_follower_demo'
[0.537s] Level 1:colcon.colcon_core.package_discovery:discover_packages(recursive) using defaults
[0.537s] Level 1:colcon.colcon_core.package_discovery:discover_packages(ignore) discover
[0.537s] Level 1:colcon.colcon_core.package_discovery:discover_packages(ignore) using defaults
[0.537s] Level 1:colcon.colcon_core.package_discovery:discover_packages(path) discover
[0.537s] Level 1:colcon.colcon_core.package_discovery:discover_packages(path) using defaults
[0.560s] Level 1:colcon.colcon_core.package_discovery:discover_packages(prefix_path) check parameters
[0.561s] Level 1:colcon.colcon_core.package_discovery:discover_packages(prefix_path) discover
[0.563s] DEBUG:colcon.colcon_installed_package_information.package_discovery:Found 1 installed packages in /home/vik/navigation2_tutorials/nav2_gps_waypoint_follower_demo/install
[0.565s] DEBUG:colcon.colcon_installed_package_information.package_discovery:Found 455 installed packages in /opt/ros/jazzy
[0.567s] Level 1:colcon.colcon_core.package_discovery:discover_packages(prefix_path) using defaults
[0.623s] Level 5:colcon.colcon_core.verb:set package 'nav2_gps_waypoint_follower_demo' build argument 'cmake_args' from command line to 'None'
[0.623s] Level 5:colcon.colcon_core.verb:set package 'nav2_gps_waypoint_follower_demo' build argument 'cmake_target' from command line to 'None'
[0.623s] Level 5:colcon.colcon_core.verb:set package 'nav2_gps_waypoint_follower_demo' build argument 'cmake_target_skip_unavailable' from command line to 'False'
[0.623s] Level 5:colcon.colcon_core.verb:set package 'nav2_gps_waypoint_follower_demo' build argument 'cmake_clean_cache' from command line to 'False'
[0.623s] Level 5:colcon.colcon_core.verb:set package 'nav2_gps_waypoint_follower_demo' build argument 'cmake_clean_first' from command line to 'False'
[0.623s] Level 5:colcon.colcon_core.verb:set package 'nav2_gps_waypoint_follower_demo' build argument 'cmake_force_configure' from command line to 'False'
[0.623s] Level 5:colcon.colcon_core.verb:set package 'nav2_gps_waypoint_follower_demo' build argument 'ament_cmake_args' from command line to 'None'
[0.623s] Level 5:colcon.colcon_core.verb:set package 'nav2_gps_waypoint_follower_demo' build argument 'catkin_cmake_args' from command line to 'None'
[0.624s] Level 5:colcon.colcon_core.verb:set package 'nav2_gps_waypoint_follower_demo' build argument 'catkin_skip_building_tests' from command line to 'False'
[0.624s] DEBUG:colcon.colcon_core.verb:Building package 'nav2_gps_waypoint_follower_demo' with the following arguments: {'ament_cmake_args': None, 'build_base': '/home/vik/navigation2_tutorials/nav2_gps_waypoint_follower_demo/build/nav2_gps_waypoint_follower_demo', 'catkin_cmake_args': None, 'catkin_skip_building_tests': False, 'cmake_args': None, 'cmake_clean_cache': False, 'cmake_clean_first': False, 'cmake_force_configure': False, 'cmake_target': None, 'cmake_target_skip_unavailable': False, 'install_base': '/home/vik/navigation2_tutorials/nav2_gps_waypoint_follower_demo/install/nav2_gps_waypoint_follower_demo', 'merge_install': False, 'path': '/home/vik/navigation2_tutorials/nav2_gps_waypoint_follower_demo', 'symlink_install': True, 'test_result_base': None}
[0.624s] INFO:colcon.colcon_core.executor:Executing jobs using 'parallel' executor
[0.624s] DEBUG:colcon.colcon_parallel_executor.executor.parallel:run_until_complete
[0.625s] INFO:colcon.colcon_ros.task.ament_python.build:Building ROS package in '/home/vik/navigation2_tutorials/nav2_gps_waypoint_follower_demo' with build type 'ament_python'
[0.625s] Level 1:colcon.colcon_core.shell:create_environment_hook('nav2_gps_waypoint_follower_demo', 'ament_prefix_path')
[0.631s] INFO:colcon.colcon_core.plugin_system:Skipping extension 'colcon_core.shell.bat': Not used on non-Windows systems
[0.631s] INFO:colcon.colcon_core.shell:Creating environment hook '/home/vik/navigation2_tutorials/nav2_gps_waypoint_follower_demo/install/nav2_gps_waypoint_follower_demo/share/nav2_gps_waypoint_follower_demo/hook/ament_prefix_path.ps1'
[0.632s] INFO:colcon.colcon_core.shell:Creating environment descriptor '/home/vik/navigation2_tutorials/nav2_gps_waypoint_follower_demo/install/nav2_gps_waypoint_follower_demo/share/nav2_gps_waypoint_follower_demo/hook/ament_prefix_path.dsv'
[0.633s] INFO:colcon.colcon_core.shell:Creating environment hook '/home/vik/navigation2_tutorials/nav2_gps_waypoint_follower_demo/install/nav2_gps_waypoint_follower_demo/share/nav2_gps_waypoint_follower_demo/hook/ament_prefix_path.sh'
[0.633s] INFO:colcon.colcon_core.shell:Skip shell extension 'powershell' for command environment: Not usable outside of PowerShell
[0.633s] DEBUG:colcon.colcon_core.shell:Skip shell extension 'dsv' for command environment
[0.863s] INFO:colcon.colcon_core.task.python.build:Building Python package in '/home/vik/navigation2_tutorials/nav2_gps_waypoint_follower_demo'
[0.863s] INFO:colcon.colcon_core.shell:Skip shell extension 'powershell' for command environment: Not usable outside of PowerShell
[0.863s] DEBUG:colcon.colcon_core.shell:Skip shell extension 'dsv' for command environment
[1.847s] DEBUG:colcon.colcon_core.event_handler.log_command:Invoking command in '/home/vik/navigation2_tutorials/nav2_gps_waypoint_follower_demo/build/nav2_gps_waypoint_follower_demo': DEBUGINFOD_URLS=https://debuginfod.ubuntu.com PYTHONPATH=/home/vik/navigation2_tutorials/nav2_gps_waypoint_follower_demo/build/nav2_gps_waypoint_follower_demo/prefix_override:/usr/lib/python3/dist-packages/colcon_core/task/python/colcon_distutils_commands:/home/vik/navigation2_tutorials/nav2_gps_waypoint_follower_demo/install/nav2_gps_waypoint_follower_demo/lib/python3.12/site-packages:${PYTHONPATH} /usr/bin/python3 -W ignore:setup.py install is deprecated setup.py develop --editable --build-directory /home/vik/navigation2_tutorials/nav2_gps_waypoint_follower_demo/build/nav2_gps_waypoint_follower_demo/build --no-deps symlink_data
[2.616s] Level 1:colcon.colcon_core.shell:create_environment_hook('nav2_gps_waypoint_follower_demo', 'pythonpath_develop')
[2.616s] INFO:colcon.colcon_core.shell:Creating environment hook '/home/vik/navigation2_tutorials/nav2_gps_waypoint_follower_demo/build/nav2_gps_waypoint_follower_demo/share/nav2_gps_waypoint_follower_demo/hook/pythonpath_develop.ps1'
[2.616s] DEBUG:colcon.colcon_core.event_handler.log_command:Invoked command in '/home/vik/navigation2_tutorials/nav2_gps_waypoint_follower_demo/build/nav2_gps_waypoint_follower_demo' returned '0': DEBUGINFOD_URLS=https://debuginfod.ubuntu.com PYTHONPATH=/home/vik/navigation2_tutorials/nav2_gps_waypoint_follower_demo/build/nav2_gps_waypoint_follower_demo/prefix_override:/usr/lib/python3/dist-packages/colcon_core/task/python/colcon_distutils_commands:/home/vik/navigation2_tutorials/nav2_gps_waypoint_follower_demo/install/nav2_gps_waypoint_follower_demo/lib/python3.12/site-packages:${PYTHONPATH} /usr/bin/python3 -W ignore:setup.py install is deprecated setup.py develop --editable --build-directory /home/vik/navigation2_tutorials/nav2_gps_waypoint_follower_demo/build/nav2_gps_waypoint_follower_demo/build --no-deps symlink_data
[2.617s] INFO:colcon.colcon_core.shell:Creating environment descriptor '/home/vik/navigation2_tutorials/nav2_gps_waypoint_follower_demo/build/nav2_gps_waypoint_follower_demo/share/nav2_gps_waypoint_follower_demo/hook/pythonpath_develop.dsv'
[2.617s] INFO:colcon.colcon_core.shell:Creating environment hook '/home/vik/navigation2_tutorials/nav2_gps_waypoint_follower_demo/build/nav2_gps_waypoint_follower_demo/share/nav2_gps_waypoint_follower_demo/hook/pythonpath_develop.sh'
[2.623s] Level 1:colcon.colcon_core.environment:checking '/home/vik/navigation2_tutorials/nav2_gps_waypoint_follower_demo/install/nav2_gps_waypoint_follower_demo' for CMake module files
[2.623s] Level 1:colcon.colcon_core.environment:checking '/home/vik/navigation2_tutorials/nav2_gps_waypoint_follower_demo/install/nav2_gps_waypoint_follower_demo' for CMake config files
[2.624s] Level 1:colcon.colcon_core.environment:checking '/home/vik/navigation2_tutorials/nav2_gps_waypoint_follower_demo/install/nav2_gps_waypoint_follower_demo/lib'
[2.624s] Level 1:colcon.colcon_core.environment:checking '/home/vik/navigation2_tutorials/nav2_gps_waypoint_follower_demo/install/nav2_gps_waypoint_follower_demo/bin'
[2.624s] Level 1:colcon.colcon_core.environment:checking '/home/vik/navigation2_tutorials/nav2_gps_waypoint_follower_demo/install/nav2_gps_waypoint_follower_demo/lib/pkgconfig/nav2_gps_waypoint_follower_demo.pc'
[2.624s] Level 1:colcon.colcon_core.environment:checking '/home/vik/navigation2_tutorials/nav2_gps_waypoint_follower_demo/install/nav2_gps_waypoint_follower_demo/lib/python3.12/site-packages'
[2.624s] Level 1:colcon.colcon_core.shell:create_environment_hook('nav2_gps_waypoint_follower_demo', 'pythonpath')
[2.625s] INFO:colcon.colcon_core.shell:Creating environment hook '/home/vik/navigation2_tutorials/nav2_gps_waypoint_follower_demo/install/nav2_gps_waypoint_follower_demo/share/nav2_gps_waypoint_follower_demo/hook/pythonpath.ps1'
[2.625s] INFO:colcon.colcon_core.shell:Creating environment descriptor '/home/vik/navigation2_tutorials/nav2_gps_waypoint_follower_demo/install/nav2_gps_waypoint_follower_demo/share/nav2_gps_waypoint_follower_demo/hook/pythonpath.dsv'
[2.625s] INFO:colcon.colcon_core.shell:Creating environment hook '/home/vik/navigation2_tutorials/nav2_gps_waypoint_follower_demo/install/nav2_gps_waypoint_follower_demo/share/nav2_gps_waypoint_follower_demo/hook/pythonpath.sh'
[2.626s] Level 1:colcon.colcon_core.environment:checking '/home/vik/navigation2_tutorials/nav2_gps_waypoint_follower_demo/install/nav2_gps_waypoint_follower_demo/bin'
[2.626s] Level 1:colcon.colcon_core.environment:create_environment_scripts_only(nav2_gps_waypoint_follower_demo)
[2.626s] INFO:colcon.colcon_core.shell:Creating package script '/home/vik/navigation2_tutorials/nav2_gps_waypoint_follower_demo/install/nav2_gps_waypoint_follower_demo/share/nav2_gps_waypoint_follower_demo/package.ps1'
[2.627s] INFO:colcon.colcon_core.shell:Creating package descriptor '/home/vik/navigation2_tutorials/nav2_gps_waypoint_follower_demo/install/nav2_gps_waypoint_follower_demo/share/nav2_gps_waypoint_follower_demo/package.dsv'
[2.628s] INFO:colcon.colcon_core.shell:Creating package script '/home/vik/navigation2_tutorials/nav2_gps_waypoint_follower_demo/install/nav2_gps_waypoint_follower_demo/share/nav2_gps_waypoint_follower_demo/package.sh'
[2.628s] INFO:colcon.colcon_core.shell:Creating package script '/home/vik/navigation2_tutorials/nav2_gps_waypoint_follower_demo/install/nav2_gps_waypoint_follower_demo/share/nav2_gps_waypoint_follower_demo/package.bash'
[2.629s] INFO:colcon.colcon_core.shell:Creating package script '/home/vik/navigation2_tutorials/nav2_gps_waypoint_follower_demo/install/nav2_gps_waypoint_follower_demo/share/nav2_gps_waypoint_follower_demo/package.zsh'
[2.630s] Level 1:colcon.colcon_core.environment:create_file_with_runtime_dependencies(/home/vik/navigation2_tutorials/nav2_gps_waypoint_follower_demo/install/nav2_gps_waypoint_follower_demo/share/colcon-core/packages/nav2_gps_waypoint_follower_demo)
[2.631s] DEBUG:colcon.colcon_parallel_executor.executor.parallel:closing loop
[2.631s] DEBUG:colcon.colcon_parallel_executor.executor.parallel:loop closed
[2.631s] DEBUG:colcon.colcon_parallel_executor.executor.parallel:run_until_complete finished with '0'
[2.631s] DEBUG:colcon.colcon_core.event_reactor:joining thread
[2.639s] INFO:colcon.colcon_core.plugin_system:Skipping extension 'colcon_notification.desktop_notification.terminal_notifier': Not used on non-Darwin systems
[2.639s] INFO:colcon.colcon_core.plugin_system:Skipping extension 'colcon_notification.desktop_notification.win32': Not used on non-Windows systems
[2.639s] INFO:colcon.colcon_notification.desktop_notification:Sending desktop notification using 'notify2'
[2.657s] DEBUG:colcon.colcon_core.event_reactor:joined thread
[2.658s] INFO:colcon.colcon_core.shell:Creating prefix script '/home/vik/navigation2_tutorials/nav2_gps_waypoint_follower_demo/install/local_setup.ps1'
[2.659s] INFO:colcon.colcon_core.shell:Creating prefix util module '/home/vik/navigation2_tutorials/nav2_gps_waypoint_follower_demo/install/_local_setup_util_ps1.py'
[2.662s] INFO:colcon.colcon_core.shell:Creating prefix chain script '/home/vik/navigation2_tutorials/nav2_gps_waypoint_follower_demo/install/setup.ps1'
[2.664s] INFO:colcon.colcon_core.shell:Creating prefix script '/home/vik/navigation2_tutorials/nav2_gps_waypoint_follower_demo/install/local_setup.sh'
[2.665s] INFO:colcon.colcon_core.shell:Creating prefix util module '/home/vik/navigation2_tutorials/nav2_gps_waypoint_follower_demo/install/_local_setup_util_sh.py'
[2.666s] INFO:colcon.colcon_core.shell:Creating prefix chain script '/home/vik/navigation2_tutorials/nav2_gps_waypoint_follower_demo/install/setup.sh'
[2.668s] INFO:colcon.colcon_core.shell:Creating prefix script '/home/vik/navigation2_tutorials/nav2_gps_waypoint_follower_demo/install/local_setup.bash'
[2.668s] INFO:colcon.colcon_core.shell:Creating prefix chain script '/home/vik/navigation2_tutorials/nav2_gps_waypoint_follower_demo/install/setup.bash'
[2.670s] INFO:colcon.colcon_core.shell:Creating prefix script '/home/vik/navigation2_tutorials/nav2_gps_waypoint_follower_demo/install/local_setup.zsh'
[2.671s] INFO:colcon.colcon_core.shell:Creating prefix chain script '/home/vik/navigation2_tutorials/nav2_gps_waypoint_follower_demo/install/setup.zsh'
